# Preference setting overrides
gui_set_pref_value -category {Data} -key {showValueAnnotation} -value {true}
gui_create_pref_key -category {Globals} -key {load_detail_for_funcov} -value_type {bool} -value {false}
gui_set_pref_value -category {Source} -key {value_annotate} -value {true}
gui_create_pref_category -category {schem_obj_name}
gui_create_pref_key -category {schem_obj_name} -key {show_cell_and_pin_with_symbol_name} -value_type {bool} -value {false}
gui_create_pref_key -category {schem_pin_hc} -key {textExtFont} -value_type {string} -value {Helvetica,10,-1,5,50,0,0,0,0,0}

# State setting overrides
gui_state_default_create -off -ini
gui_set_state_value -category Globals -key recent_sessions -value {{gui_load_session -file /afs/umich.edu/user/z/h/zhangjy/470personal/P2/isr.inter.vpd.tcl -ignore_errors} {gui_load_session -file /afs/umich.edu/user/z/h/zhangjy/470personal/P2/isr.inter.vpd.tcl} {gui_load_session -file /afs/umich.edu/user/z/h/zhangjy/Desktop/lab1/lab1_view.tcl} {gui_load_session -file /afs/umich.edu/user/z/h/zhangjy/Desktop/470tut/view1.tcl -ignore_errors} {gui_load_session -file /afs/umich.edu/user/z/h/zhangjy/Desktop/470tut/view1.tcl}}
gui_set_state_value -category Layout -key child_console_size_x -value 1117
gui_set_state_value -category Layout -key child_console_size_y -value 105
gui_set_state_value -category Layout -key child_data_coltype -value 72
gui_set_state_value -category Layout -key child_data_colvalue -value 152
gui_set_state_value -category Layout -key child_data_colvariable -value 222
gui_set_state_value -category Layout -key child_data_size_x -value 446
gui_set_state_value -category Layout -key child_data_size_y -value 882
gui_set_state_value -category Layout -key child_driver_size_x -value 1705
gui_set_state_value -category Layout -key child_driver_size_y -value 179
gui_set_state_value -category Layout -key child_hier_colhier -value 187
gui_set_state_value -category Layout -key child_hier_coltype -value 76
gui_set_state_value -category Layout -key child_hier_size_x -value 229
gui_set_state_value -category Layout -key child_hier_size_y -value 882
gui_set_state_value -category Layout -key child_schematic_docknewline -value false
gui_set_state_value -category Layout -key child_schematic_pos_x -value {-2}
gui_set_state_value -category Layout -key child_schematic_pos_y -value {-15}
gui_set_state_value -category Layout -key child_schematic_size_x -value 898
gui_set_state_value -category Layout -key child_schematic_size_y -value 403
gui_set_state_value -category Layout -key child_source_docknewline -value false
gui_set_state_value -category Layout -key child_source_pos_x -value {-2}
gui_set_state_value -category Layout -key child_source_pos_y -value {-15}
gui_set_state_value -category Layout -key child_source_size_x -value 445
gui_set_state_value -category Layout -key child_source_size_y -value 877
gui_set_state_value -category Layout -key child_wave_colname -value 254
gui_set_state_value -category Layout -key child_wave_colvalue -value 254
gui_set_state_value -category Layout -key child_wave_left -value 512
gui_set_state_value -category Layout -key child_wave_right -value 1250
gui_set_state_value -category Layout -key main_pos_x -value 702
gui_set_state_value -category Layout -key main_pos_y -value 185
gui_set_state_value -category Layout -key main_size_x -value 1819
gui_set_state_value -category Layout -key main_size_y -value 1295
gui_set_state_value -category Layout -key stand_source_child_docknewline -value false
gui_set_state_value -category Layout -key stand_source_child_pos_x -value {-2}
gui_set_state_value -category Layout -key stand_source_child_pos_y -value {-15}
gui_set_state_value -category Layout -key stand_source_child_size_x -value 1710
gui_set_state_value -category Layout -key stand_source_child_size_y -value 702
gui_set_state_value -category Layout -key stand_source_top_pos_x -value 614
gui_set_state_value -category Layout -key stand_source_top_pos_y -value 371
gui_set_state_value -category Layout -key stand_source_top_size_x -value 1112
gui_set_state_value -category Layout -key stand_source_top_size_y -value 769
gui_set_state_value -category Layout -key stand_wave_child_docknewline -value false
gui_set_state_value -category Layout -key stand_wave_child_pos_x -value {-2}
gui_set_state_value -category Layout -key stand_wave_child_pos_y -value {-15}
gui_set_state_value -category Layout -key stand_wave_child_size_x -value 1772
gui_set_state_value -category Layout -key stand_wave_child_size_y -value 923
gui_set_state_value -category Layout -key stand_wave_top_pos_x -value 439
gui_set_state_value -category Layout -key stand_wave_top_pos_y -value 332
gui_set_state_value -category Layout -key stand_wave_top_size_x -value 2206
gui_set_state_value -category Layout -key stand_wave_top_size_y -value 1359
gui_set_state_value -category SaveSession -key single_view_name -value Wave.1
gui_set_state_value -category SaveSession -key toplevel_window_name -value TopLevel.2
gui_create_state_key -category FindDialog -key m_pMatchCase -value_type bool -value false
gui_create_state_key -category FindDialog -key m_pMatchWord -value_type bool -value false
gui_create_state_key -category FindDialog -key m_pUseCombo -value_type string -value {}
gui_create_state_key -category FindDialog -key m_pWrapAround -value_type bool -value true
gui_state_default_create -off

# Begin command logging
gui_sim_run Ucli -exe dve -args {-ucligui  +v2k +vc +memcbk} -dir .
gui_list_expand -id  Hier.1   testbench
gui_list_expand -id  Hier.1   testbench.pipeline_0
gui_list_expand -id  Hier.1   testbench.pipeline_0.mem_stage_0
gui_list_select -id Hier.1 -selected  { testbench.pipeline_0.mem_stage_0.mmu0   }
gui_list_select -id Data.1 -selected  { {testbench.pipeline_0.mem_stage_0.mmu0.proc2mem_addr[63:0]}   }
gui_list_select -id Data.1 -selected  { {testbench.pipeline_0.mem_stage_0.mmu0.proc2mem_addr[63:0]}  {testbench.pipeline_0.mem_stage_0.mmu0.proc2Dmem_command[1:0]}  testbench.pipeline_0.mem_stage_0.mmu0.login  testbench.pipeline_0.mem_stage_0.mmu0.trigger  {testbench.pipeline_0.mem_stage_0.mmu0.mem_addr[63:0]}  testbench.pipeline_0.mem_stage_0.mmu0.protected   }
gui_open_window Wave
gui_list_add -id Wave.1 -from Data.1 { {testbench.pipeline_0.mem_stage_0.mmu0.proc2mem_addr[63:0]} {testbench.pipeline_0.mem_stage_0.mmu0.proc2Dmem_command[1:0]} testbench.pipeline_0.mem_stage_0.mmu0.login testbench.pipeline_0.mem_stage_0.mmu0.trigger {testbench.pipeline_0.mem_stage_0.mmu0.mem_addr[63:0]} testbench.pipeline_0.mem_stage_0.mmu0.protected } -insertionbar
gui_sim_continue  
gui_wv_zoom_timerange -id  Wave.1 69615 70212
gui_wv_scroll_hslidermove -id  Wave.1 184476
gui_list_select -id Wave.1 -selected  { {testbench.pipeline_0.mem_stage_0.mmu0.proc2mem_addr[63:0]}   }
gui_list_set_selected_property -id Wave.1 -radix decimal
gui_list_select -id Wave.1 -selected  { {testbench.pipeline_0.mem_stage_0.mmu0.proc2Dmem_command[1:0]}   }
gui_wv_scrollright -id  Wave.1  line
gui_wv_scrollright -id  Wave.1  line
gui_wv_scrollright -id  Wave.1  line
gui_wv_scrollright -id  Wave.1  line
gui_wv_scrollright -id  Wave.1  line
gui_wv_scrollright -id  Wave.1  line
gui_wv_scrollright -id  Wave.1  line
gui_wv_scrollright -id  Wave.1  line
gui_wv_scrollright -id  Wave.1  line
gui_wv_scrollright -id  Wave.1  line
gui_wv_scrollright -id  Wave.1  line
gui_wv_scrollright -id  Wave.1  line
gui_wv_scrollright -id  Wave.1  line
gui_wv_scrollright -id  Wave.1  line
gui_wv_scrollright -id  Wave.1  line
gui_wv_scrollright -id  Wave.1  line
gui_wv_scrollright -id  Wave.1  line
gui_wv_scrollright -id  Wave.1  line
gui_wv_scrollright -id  Wave.1  line
gui_wv_scrollright -id  Wave.1  line
gui_list_select -id Wave.1 -selected  { testbench.pipeline_0.mem_stage_0.mmu0.trigger   }
gui_close_window -window TopLevel.2
