
Chronologic VCS simulator copyright 1991-2011
Contains Synopsys proprietary information.
Compiler version E-2011.03_Full64; Runtime version E-2011.03_Full64;  Dec  8 14:14 2013
VCD+ Writer E-2011.03_Full64 Copyright (c) 1991-2011 by Synopsys Inc.
The file '/afs/umich.edu/user/y/n/yny/eecs573/eecs573/vsimple_f13/inter.vpd' was opened successfully.
testbench.v, 24 : module testbench;
@@
@@
@@                     0  Asserting System reset......
@@
@@                     0 : System STILL at reset, can't show anything
@@
@@
@@                   100 : System STILL at reset, can't show anything
@@
@@
@@                   200 : System STILL at reset, can't show anything
@@
@@
@@                   300 : System STILL at reset, can't show anything
@@
@@                   360  Deasserting System reset......
@@
@@
@@@ Unified Memory contents hex on left, decimal on right: 
@@@
@@@ mem[    0] = 203f100020bf0001 : 2323593525481897985
@@@ mem[    8] = b44100004ca15402 : 12988662801598862338
@@@ mem[   16] = b4610100a4610000 : 12997671101837410304
@@@ mem[   24] = 40a0340540211401 : 4656779211856483329
@@@ mem[   32] = 0000055540a1fda4 : 5863714717092
@@@
@@@ mem[ 4096] = 000000000000000a : 10
@@@
@@@ mem[ 4352] = 000000000000000a : 10
@@@
@@@
@@                  5320 : System halted
@@
@@@ System halted on HALT instruction
@@@
@@
@@  50 cycles / 9 instrs = 5.555556 CPI
@@
@@  1470.00 ns total time to execute
@@
 
$finish called from file "testbench/testbench.v", line 274.
$finish at simulation time                 6320
Simulation complete, time is 632000 ps.
           V C S   S i m u l a t i o n   R e p o r t 
Time: 632000 ps
CPU Time:      0.420 seconds;       Data structure size:   0.2Mb
Sun Dec  8 14:15:34 2013
Chronologic VCS simulator copyright 1991-2011
Contains Synopsys proprietary information.
Compiler version E-2011.03_Full64; Runtime version E-2011.03_Full64;  Dec  8 14:16 2013
VCD+ Writer E-2011.03_Full64 Copyright (c) 1991-2011 by Synopsys Inc.
The file '/afs/umich.edu/user/y/n/yny/eecs573/eecs573/vsimple_f13/inter.vpd' was opened successfully.
testbench.v, 24 : module testbench;
@@
@@
@@                     0  Asserting System reset......
@@
@@                     0 : System STILL at reset, can't show anything
@@
@@
@@                   100 : System STILL at reset, can't show anything
@@
@@
@@                   200 : System STILL at reset, can't show anything
@@
@@
@@                   300 : System STILL at reset, can't show anything
@@
@@                   360  Deasserting System reset......
@@
@@
@@@ Unified Memory contents hex on left, decimal on right: 
@@@
@@@ mem[    0] = 203f100020bf0001 : 2323593525481897985
@@@ mem[    8] = b44100004ca15402 : 12988662801598862338
@@@ mem[   16] = b4610100a4610000 : 12997671101837410304
@@@ mem[   24] = 40a0340540211401 : 4656779211856483329
@@@ mem[   32] = 0000055540a1fda4 : 5863714717092
@@@
@@@ mem[ 4096] = 000000000000000a : 10
@@@
@@@ mem[ 4352] = 000000000000000a : 10
@@@
@@@
@@                  5320 : System halted
@@
@@@ System halted on HALT instruction
@@@
@@
@@  50 cycles / 9 instrs = 5.555556 CPI
@@
@@  1470.00 ns total time to execute
@@
 
$finish called from file "testbench/testbench.v", line 274.
$finish at simulation time                 6320
Simulation complete, time is 632000 ps.
           V C S   S i m u l a t i o n   R e p o r t 
Time: 632000 ps
CPU Time:      0.160 seconds;       Data structure size:   0.2Mb
Sun Dec  8 14:16:40 2013
Chronologic VCS simulator copyright 1991-2011
Contains Synopsys proprietary information.
Compiler version E-2011.03_Full64; Runtime version E-2011.03_Full64;  Dec  8 14:18 2013
VCD+ Writer E-2011.03_Full64 Copyright (c) 1991-2011 by Synopsys Inc.
The file '/afs/umich.edu/user/y/n/yny/eecs573/eecs573/vsimple_f13/inter.vpd' was opened successfully.
testbench.v, 24 : module testbench;
@@
@@
@@                     0  Asserting System reset......
@@
@@                     0 : System STILL at reset, can't show anything
@@
@@
@@                   100 : System STILL at reset, can't show anything
@@
@@
@@                   200 : System STILL at reset, can't show anything
@@
@@
@@                   300 : System STILL at reset, can't show anything
@@
@@                   360  Deasserting System reset......
@@
@@
@@@ Unified Memory contents hex on left, decimal on right: 
@@@
@@@ mem[    0] = 203f100020bf0001 : 2323593525481897985
@@@ mem[    8] = b44100004ca15402 : 12988662801598862338
@@@ mem[   16] = b4610100a4610000 : 12997671101837410304
@@@ mem[   24] = 40a0340540211401 : 4656779211856483329
@@@ mem[   32] = 0000055540a1fda4 : 5863714717092
@@@
@@@ mem[ 4096] = 000000000000000a : 10
@@@
@@@ mem[ 4352] = 000000000000000a : 10
@@@
@@@
@@                  5320 : System halted
@@
@@@ System halted on HALT instruction
@@@
@@
@@  50 cycles / 9 instrs = 5.555556 CPI
@@
@@  1470.00 ns total time to execute
@@
 
$finish called from file "testbench/testbench.v", line 274.
$finish at simulation time                 6320
Simulation complete, time is 632000 ps.
           V C S   S i m u l a t i o n   R e p o r t 
Time: 632000 ps
CPU Time:      0.130 seconds;       Data structure size:   0.2Mb
Sun Dec  8 14:18:04 2013